# JRE version: Java(TM) SE Runtime Environment (8.0_311-b11) (build 1.8.0_311-b11)
# Java VM: Java HotSpot(TM) 64-Bit Server VM (25.311-b11 mixed mode windows-amd64 compressed oops)
Heap:
 PSYoungGen      total 302080K, used 245905K [0x000000076b600000, 0x000000077e680000, 0x00000007c0000000)
  eden space 292352K, 81% used [0x000000076b600000,0x0000000779e83308,0x000000077d380000)
  from space 9728K, 80% used [0x000000077d380000,0x000000077db21260,0x000000077dd00000)
  to   space 9728K, 0% used [0x000000077dd00000,0x000000077dd00000,0x000000077e680000)
 ParOldGen       total 246272K, used 66619K [0x00000006c2200000, 0x00000006d1280000, 0x000000076b600000)
  object space 246272K, 27% used [0x00000006c2200000,0x00000006c630ed70,0x00000006d1280000)
 Metaspace       used 63800K, capacity 72736K, committed 72960K, reserved 1112064K
  class space    used 8858K, capacity 9928K, committed 9984K, reserved 1048576K
GC Heap History (10 events):
Event: 26.732 GC heap before
{Heap before GC invocations=68 (full 3):
 PSYoungGen      total 302080K, used 296243K [0x000000076b600000, 0x000000077e680000, 0x00000007c0000000)
  eden space 292352K, 99% used [0x000000076b600000,0x000000077d0b5838,0x000000077d380000)
  from space 9728K, 69% used [0x000000077dd00000,0x000000077e397440,0x000000077e680000)
  to   space 9728K, 0% used [0x000000077d380000,0x000000077d380000,0x000000077dd00000)
 ParOldGen       total 246272K, used 65654K [0x00000006c2200000, 0x00000006d1280000, 0x000000076b600000)
  object space 246272K, 26% used [0x00000006c2200000,0x00000006c621db50,0x00000006d1280000)
 Metaspace       used 63764K, capacity 72732K, committed 72960K, reserved 1112064K
  class space    used 8856K, capacity 9926K, committed 9984K, reserved 1048576K
Event: 26.737 GC heap after
Heap after GC invocations=68 (full 3):
 PSYoungGen      total 302080K, used 5405K [0x000000076b600000, 0x000000077e680000, 0x00000007c0000000)
  eden space 292352K, 0% used [0x000000076b600000,0x000000076b600000,0x000000077d380000)
  from space 9728K, 55% used [0x000000077d380000,0x000000077d8c77a8,0x000000077dd00000)
  to   space 9728K, 0% used [0x000000077dd00000,0x000000077dd00000,0x000000077e680000)
 ParOldGen       total 246272K, used 65819K [0x00000006c2200000, 0x00000006d1280000, 0x000000076b600000)
  object space 246272K, 26% used [0x00000006c2200000,0x00000006c6246d70,0x00000006d1280000)
 Metaspace       used 63764K, capacity 72732K, committed 72960K, reserved 1112064K
  class space    used 8856K, capacity 9926K, committed 9984K, reserved 1048576K
}
Event: 27.048 GC heap before
{Heap before GC invocations=69 (full 3):
 PSYoungGen      total 302080K, used 297757K [0x000000076b600000, 0x000000077e680000, 0x00000007c0000000)
  eden space 292352K, 100% used [0x000000076b600000,0x000000077d380000,0x000000077d380000)
  from space 9728K, 55% used [0x000000077d380000,0x000000077d8c77a8,0x000000077dd00000)
  to   space 9728K, 0% used [0x000000077dd00000,0x000000077dd00000,0x000000077e680000)
 ParOldGen       total 246272K, used 65819K [0x00000006c2200000, 0x00000006d1280000, 0x000000076b600000)
  object space 246272K, 26% used [0x00000006c2200000,0x00000006c6246d70,0x00000006d1280000)
 Metaspace       used 63764K, capacity 72732K, committed 72960K, reserved 1112064K
  class space    used 8856K, capacity 9926K, committed 9984K, reserved 1048576K
Event: 27.053 GC heap after
Heap after GC invocations=69 (full 3):
 PSYoungGen      total 302080K, used 8480K [0x000000076b600000, 0x000000077e680000, 0x00000007c0000000)
  eden space 292352K, 0% used [0x000000076b600000,0x000000076b600000,0x000000077d380000)
  from space 9728K, 87% used [0x000000077dd00000,0x000000077e548358,0x000000077e680000)
  to   space 9728K, 0% used [0x000000077d380000,0x000000077d380000,0x000000077dd00000)
 ParOldGen       total 246272K, used 66051K [0x00000006c2200000, 0x00000006d1280000, 0x000000076b600000)
  object space 246272K, 26% used [0x00000006c2200000,0x00000006c6280d70,0x00000006d1280000)
 Metaspace       used 63764K, capacity 72732K, committed 72960K, reserved 1112064K
  class space    used 8856K, capacity 9926K, committed 9984K, reserved 1048576K
}
Event: 27.309 GC heap before
{Heap before GC invocations=70 (full 3):
 PSYoungGen      total 302080K, used 300832K [0x000000076b600000, 0x000000077e680000, 0x00000007c0000000)
  eden space 292352K, 100% used [0x000000076b600000,0x000000077d380000,0x000000077d380000)
  from space 9728K, 87% used [0x000000077dd00000,0x000000077e548358,0x000000077e680000)
  to   space 9728K, 0% used [0x000000077d380000,0x000000077d380000,0x000000077dd00000)
 ParOldGen       total 246272K, used 66051K [0x00000006c2200000, 0x00000006d1280000, 0x000000076b600000)
  object space 246272K, 26% used [0x00000006c2200000,0x00000006c6280d70,0x00000006d1280000)
 Metaspace       used 63771K, capacity 72732K, committed 72960K, reserved 1112064K
  class space    used 8856K, capacity 9926K, committed 9984K, reserved 1048576K
Event: 27.313 GC heap after
Heap after GC invocations=70 (full 3):
 PSYoungGen      total 302080K, used 6810K [0x000000076b600000, 0x000000077e680000, 0x00000007c0000000)
  eden space 292352K, 0% used [0x000000076b600000,0x000000076b600000,0x000000077d380000)
  from space 9728K, 70% used [0x000000077d380000,0x000000077da269f8,0x000000077dd00000)
  to   space 9728K, 0% used [0x000000077dd00000,0x000000077dd00000,0x000000077e680000)
 ParOldGen       total 246272K, used 66219K [0x00000006c2200000, 0x00000006d1280000, 0x000000076b600000)
  object space 246272K, 26% used [0x00000006c2200000,0x00000006c62aad70,0x00000006d1280000)
 Metaspace       used 63771K, capacity 72732K, committed 72960K, reserved 1112064K
  class space    used 8856K, capacity 9926K, committed 9984K, reserved 1048576K
}
Event: 27.669 GC heap before
{Heap before GC invocations=71 (full 3):
 PSYoungGen      total 302080K, used 297779K [0x000000076b600000, 0x000000077e680000, 0x00000007c0000000)
  eden space 292352K, 99% used [0x000000076b600000,0x000000077d226210,0x000000077d380000)
  from space 9728K, 70% used [0x000000077d380000,0x000000077da269f8,0x000000077dd00000)
  to   space 9728K, 0% used [0x000000077dd00000,0x000000077dd00000,0x000000077e680000)
 ParOldGen       total 246272K, used 66219K [0x00000006c2200000, 0x00000006d1280000, 0x000000076b600000)
  object space 246272K, 26% used [0x00000006c2200000,0x00000006c62aad70,0x00000006d1280000)
 Metaspace       used 63799K, capacity 72736K, committed 72960K, reserved 1112064K
  class space    used 8858K, capacity 9928K, committed 9984K, reserved 1048576K
Event: 27.674 GC heap after
Heap after GC invocations=71 (full 3):
 PSYoungGen      total 302080K, used 7972K [0x000000076b600000, 0x000000077e680000, 0x00000007c0000000)
  eden space 292352K, 0% used [0x000000076b600000,0x000000076b600000,0x000000077d380000)
  from space 9728K, 81% used [0x000000077dd00000,0x000000077e4c9218,0x000000077e680000)
  to   space 9728K, 0% used [0x000000077d380000,0x000000077d380000,0x000000077dd00000)
 ParOldGen       total 246272K, used 66347K [0x00000006c2200000, 0x00000006d1280000, 0x000000076b600000)
  object space 246272K, 26% used [0x00000006c2200000,0x00000006c62cad70,0x00000006d1280000)
 Metaspace       used 63799K, capacity 72736K, committed 72960K, reserved 1112064K
  class space    used 8858K, capacity 9928K, committed 9984K, reserved 1048576K
}
Event: 27.886 GC heap before
{Heap before GC invocations=72 (full 3):
 PSYoungGen      total 302080K, used 300324K [0x000000076b600000, 0x000000077e680000, 0x00000007c0000000)
  eden space 292352K, 100% used [0x000000076b600000,0x000000077d380000,0x000000077d380000)
  from space 9728K, 81% used [0x000000077dd00000,0x000000077e4c9218,0x000000077e680000)
  to   space 9728K, 0% used [0x000000077d380000,0x000000077d380000,0x000000077dd00000)
 ParOldGen       total 246272K, used 66347K [0x00000006c2200000, 0x00000006d1280000, 0x000000076b600000)
  object space 246272K, 26% used [0x00000006c2200000,0x00000006c62cad70,0x00000006d1280000)
 Metaspace       used 63800K, capacity 72736K, committed 72960K, reserved 1112064K
  class space    used 8858K, capacity 9928K, committed 9984K, reserved 1048576K
Event: 27.892 GC heap after
Heap after GC invocations=72 (full 3):
 PSYoungGen      total 302080K, used 7812K [0x000000076b600000, 0x000000077e680000, 0x00000007c0000000)
  eden space 292352K, 0% used [0x000000076b600000,0x000000076b600000,0x000000077d380000)
  from space 9728K, 80% used [0x000000077d380000,0x000000077db21260,0x000000077dd00000)
  to   space 9728K, 0% used [0x000000077dd00000,0x000000077dd00000,0x000000077e680000)
 ParOldGen       total 246272K, used 66619K [0x00000006c2200000, 0x00000006d1280000, 0x000000076b600000)
  object space 246272K, 27% used [0x00000006c2200000,0x00000006c630ed70,0x00000006d1280000)
 Metaspace       used 63800K, capacity 72736K, committed 72960K, reserved 1112064K
  class space    used 8858K, capacity 9928K, committed 9984K, reserved 1048576K
}

