# JRE version: Java(TM) SE Runtime Environment (8.0_311-b11) (build 1.8.0_311-b11)
# Java VM: Java HotSpot(TM) 64-Bit Server VM (25.311-b11 mixed mode windows-amd64 compressed oops)
Heap:
 PSYoungGen      total 282112K, used 153421K [0x000000076b600000, 0x000000077fb80000, 0x00000007c0000000)
  eden space 268288K, 52% used [0x000000076b600000,0x0000000773e54a40,0x000000077bc00000)
  from space 13824K, 99% used [0x000000077ee00000,0x000000077fb7edb0,0x000000077fb80000)
  to   space 9728K, 0% used [0x000000077bc00000,0x000000077bc00000,0x000000077c580000)
 ParOldGen       total 252928K, used 22596K [0x00000006c2200000, 0x00000006d1900000, 0x000000076b600000)
  object space 252928K, 8% used [0x00000006c2200000,0x00000006c3811080,0x00000006d1900000)
 Metaspace       used 61837K, capacity 70783K, committed 71040K, reserved 1110016K
  class space    used 8774K, capacity 9800K, committed 9856K, reserved 1048576K
GC Heap History (10 events):
Event: 9.562 GC heap before
{Heap before GC invocations=17 (full 3):
 PSYoungGen      total 230400K, used 228629K [0x000000076b600000, 0x000000077ce80000, 0x00000007c0000000)
  eden space 221184K, 100% used [0x000000076b600000,0x0000000778e00000,0x0000000778e00000)
  from space 9216K, 80% used [0x0000000778e00000,0x00000007795457f8,0x0000000779700000)
  to   space 9216K, 0% used [0x000000077c580000,0x000000077c580000,0x000000077ce80000)
 ParOldGen       total 252928K, used 14643K [0x00000006c2200000, 0x00000006d1900000, 0x000000076b600000)
  object space 252928K, 5% used [0x00000006c2200000,0x00000006c304cfa0,0x00000006d1900000)
 Metaspace       used 57771K, capacity 66425K, committed 66688K, reserved 1105920K
  class space    used 8313K, capacity 9312K, committed 9344K, reserved 1048576K
Event: 9.569 GC heap after
Heap after GC invocations=17 (full 3):
 PSYoungGen      total 277504K, used 8085K [0x000000076b600000, 0x000000077d080000, 0x00000007c0000000)
  eden space 268288K, 0% used [0x000000076b600000,0x000000076b600000,0x000000077bc00000)
  from space 9216K, 87% used [0x000000077c580000,0x000000077cd657f8,0x000000077ce80000)
  to   space 9728K, 0% used [0x000000077bc00000,0x000000077bc00000,0x000000077c580000)
 ParOldGen       total 252928K, used 14651K [0x00000006c2200000, 0x00000006d1900000, 0x000000076b600000)
  object space 252928K, 5% used [0x00000006c2200000,0x00000006c304efa0,0x00000006d1900000)
 Metaspace       used 57771K, capacity 66425K, committed 66688K, reserved 1105920K
  class space    used 8313K, capacity 9312K, committed 9344K, reserved 1048576K
}
Event: 10.230 GC heap before
{Heap before GC invocations=18 (full 3):
 PSYoungGen      total 277504K, used 276373K [0x000000076b600000, 0x000000077d080000, 0x00000007c0000000)
  eden space 268288K, 100% used [0x000000076b600000,0x000000077bc00000,0x000000077bc00000)
  from space 9216K, 87% used [0x000000077c580000,0x000000077cd657f8,0x000000077ce80000)
  to   space 9728K, 0% used [0x000000077bc00000,0x000000077bc00000,0x000000077c580000)
 ParOldGen       total 252928K, used 14651K [0x00000006c2200000, 0x00000006d1900000, 0x000000076b600000)
  object space 252928K, 5% used [0x00000006c2200000,0x00000006c304efa0,0x00000006d1900000)
 Metaspace       used 59664K, capacity 68299K, committed 68480K, reserved 1107968K
  class space    used 8492K, capacity 9479K, committed 9600K, reserved 1048576K
Event: 10.239 GC heap after
Heap after GC invocations=18 (full 3):
 PSYoungGen      total 278016K, used 9721K [0x000000076b600000, 0x000000077d080000, 0x00000007c0000000)
  eden space 268288K, 0% used [0x000000076b600000,0x000000076b600000,0x000000077bc00000)
  from space 9728K, 99% used [0x000000077bc00000,0x000000077c57e450,0x000000077c580000)
  to   space 9216K, 0% used [0x000000077c580000,0x000000077c580000,0x000000077ce80000)
 ParOldGen       total 252928K, used 15341K [0x00000006c2200000, 0x00000006d1900000, 0x000000076b600000)
  object space 252928K, 6% used [0x00000006c2200000,0x00000006c30fb590,0x00000006d1900000)
 Metaspace       used 59664K, capacity 68299K, committed 68480K, reserved 1107968K
  class space    used 8492K, capacity 9479K, committed 9600K, reserved 1048576K
}
Event: 11.104 GC heap before
{Heap before GC invocations=19 (full 3):
 PSYoungGen      total 278016K, used 278009K [0x000000076b600000, 0x000000077d080000, 0x00000007c0000000)
  eden space 268288K, 100% used [0x000000076b600000,0x000000077bc00000,0x000000077bc00000)
  from space 9728K, 99% used [0x000000077bc00000,0x000000077c57e450,0x000000077c580000)
  to   space 9216K, 0% used [0x000000077c580000,0x000000077c580000,0x000000077ce80000)
 ParOldGen       total 252928K, used 15341K [0x00000006c2200000, 0x00000006d1900000, 0x000000076b600000)
  object space 252928K, 6% used [0x00000006c2200000,0x00000006c30fb590,0x00000006d1900000)
 Metaspace       used 61577K, capacity 70505K, committed 70784K, reserved 1110016K
  class space    used 8765K, capacity 9783K, committed 9856K, reserved 1048576K
Event: 11.113 GC heap after
Heap after GC invocations=19 (full 3):
 PSYoungGen      total 277504K, used 9205K [0x000000076b600000, 0x000000077d080000, 0x00000007c0000000)
  eden space 268288K, 0% used [0x000000076b600000,0x000000076b600000,0x000000077bc00000)
  from space 9216K, 99% used [0x000000077c580000,0x000000077ce7d5c8,0x000000077ce80000)
  to   space 9728K, 0% used [0x000000077bc00000,0x000000077bc00000,0x000000077c580000)
 ParOldGen       total 252928K, used 19103K [0x00000006c2200000, 0x00000006d1900000, 0x000000076b600000)
  object space 252928K, 7% used [0x00000006c2200000,0x00000006c34a7db0,0x00000006d1900000)
 Metaspace       used 61577K, capacity 70505K, committed 70784K, reserved 1110016K
  class space    used 8765K, capacity 9783K, committed 9856K, reserved 1048576K
}
Event: 11.685 GC heap before
{Heap before GC invocations=20 (full 3):
 PSYoungGen      total 277504K, used 277393K [0x000000076b600000, 0x000000077d080000, 0x00000007c0000000)
  eden space 268288K, 99% used [0x000000076b600000,0x000000077bbe6f20,0x000000077bc00000)
  from space 9216K, 99% used [0x000000077c580000,0x000000077ce7d5c8,0x000000077ce80000)
  to   space 9728K, 0% used [0x000000077bc00000,0x000000077bc00000,0x000000077c580000)
 ParOldGen       total 252928K, used 19103K [0x00000006c2200000, 0x00000006d1900000, 0x000000076b600000)
  object space 252928K, 7% used [0x00000006c2200000,0x00000006c34a7db0,0x00000006d1900000)
 Metaspace       used 61707K, capacity 70653K, committed 70784K, reserved 1110016K
  class space    used 8765K, capacity 9783K, committed 9856K, reserved 1048576K
Event: 11.692 GC heap after
Heap after GC invocations=20 (full 3):
 PSYoungGen      total 278016K, used 9717K [0x000000076b600000, 0x000000077fb80000, 0x00000007c0000000)
  eden space 268288K, 0% used [0x000000076b600000,0x000000076b600000,0x000000077bc00000)
  from space 9728K, 99% used [0x000000077bc00000,0x000000077c57d440,0x000000077c580000)
  to   space 13824K, 0% used [0x000000077ee00000,0x000000077ee00000,0x000000077fb80000)
 ParOldGen       total 252928K, used 21111K [0x00000006c2200000, 0x00000006d1900000, 0x000000076b600000)
  object space 252928K, 8% used [0x00000006c2200000,0x00000006c369df60,0x00000006d1900000)
 Metaspace       used 61707K, capacity 70653K, committed 70784K, reserved 1110016K
  class space    used 8765K, capacity 9783K, committed 9856K, reserved 1048576K
}
Event: 12.155 GC heap before
{Heap before GC invocations=21 (full 3):
 PSYoungGen      total 278016K, used 278005K [0x000000076b600000, 0x000000077fb80000, 0x00000007c0000000)
  eden space 268288K, 100% used [0x000000076b600000,0x000000077bc00000,0x000000077bc00000)
  from space 9728K, 99% used [0x000000077bc00000,0x000000077c57d440,0x000000077c580000)
  to   space 13824K, 0% used [0x000000077ee00000,0x000000077ee00000,0x000000077fb80000)
 ParOldGen       total 252928K, used 21111K [0x00000006c2200000, 0x00000006d1900000, 0x000000076b600000)
  object space 252928K, 8% used [0x00000006c2200000,0x00000006c369df60,0x00000006d1900000)
 Metaspace       used 61795K, capacity 70695K, committed 70784K, reserved 1110016K
  class space    used 8771K, capacity 9794K, committed 9856K, reserved 1048576K
Event: 12.167 GC heap after
Heap after GC invocations=21 (full 3):
 PSYoungGen      total 282112K, used 13819K [0x000000076b600000, 0x000000077fb80000, 0x00000007c0000000)
  eden space 268288K, 0% used [0x000000076b600000,0x000000076b600000,0x000000077bc00000)
  from space 13824K, 99% used [0x000000077ee00000,0x000000077fb7edb0,0x000000077fb80000)
  to   space 9728K, 0% used [0x000000077bc00000,0x000000077bc00000,0x000000077c580000)
 ParOldGen       total 252928K, used 22596K [0x00000006c2200000, 0x00000006d1900000, 0x000000076b600000)
  object space 252928K, 8% used [0x00000006c2200000,0x00000006c3811080,0x00000006d1900000)
 Metaspace       used 61795K, capacity 70695K, committed 70784K, reserved 1110016K
  class space    used 8771K, capacity 9794K, committed 9856K, reserved 1048576K
}

